<?xml version="1.0" encoding="UTF-8"?>
<!-- Generated by org.testng.reporters.JUnitReportReporter -->
<testsuite hostname="TamannaPC" failures="0" tests="1" name="Introduction_to_DataDriven_testing.TN_Data_From_PropertiesFile" time="9.565" errors="0" timestamp="2024-02-06T18:14:36 EST" skipped="0">
  <testcase classname="Introduction_to_DataDriven_testing.TN_Data_From_PropertiesFile" name="helpingHowToReadFromAPropertiesFile" time="9.565"/>
</testsuite> <!-- Introduction_to_DataDriven_testing.TN_Data_From_PropertiesFile -->
