<?xml version="1.0" encoding="UTF-8"?>
<!-- Generated by org.testng.reporters.JUnitReportReporter -->
<testsuite hostname="TamannaPC" failures="0" tests="2" name="Data_properties.Use_Data_Properties" time="7.837" errors="0" timestamp="2024-02-21T22:48:08 EST" skipped="0">
  <testcase classname="Data_properties.Use_Data_Properties" name="readRegisterDataFromPropertiesFile" time="0.010"/>
  <testcase classname="Data_properties.Use_Data_Properties" name="checkPath" time="7.827"/>
</testsuite> <!-- Data_properties.Use_Data_Properties -->
