<?xml version="1.0" encoding="UTF-8"?>
<!-- Generated by org.testng.reporters.JUnitReportReporter -->
<testsuite hostname="Laptom" failures="0" tests="1" name="testExamples.TN_Register_Validation_With_Assertion" time="5.604" errors="0" timestamp="2024-04-15T15:23:09 EDT" skipped="0">
  <testcase classname="testExamples.TN_Register_Validation_With_Assertion" name="RegisterWithoutEnteringAnyField" time="5.604"/>
</testsuite> <!-- testExamples.TN_Register_Validation_With_Assertion -->
