<?xml version="1.0" encoding="UTF-8"?>
<!-- Generated by org.testng.reporters.JUnitReportReporter -->
<testsuite hostname="Laptom" failures="0" tests="1" name="testExamples.AlertPopUps" time="3.047" errors="0" timestamp="2024-05-06T00:20:17 EDT" skipped="0">
  <testcase classname="testExamples.AlertPopUps" name="AlertPopUp" time="3.047"/>
</testsuite> <!-- testExamples.AlertPopUps -->
