<?xml version="1.0" encoding="UTF-8"?>
<!-- Generated by org.testng.reporters.JUnitReportReporter -->
<testsuite hostname="Laptom" failures="0" tests="1" name="testExamples.getHrefLink" time="5.377" errors="0" timestamp="2024-04-18T23:42:16 EDT" skipped="0">
  <testcase classname="testExamples.getHrefLink" name="hrefLink" time="5.377"/>
</testsuite> <!-- testExamples.getHrefLink -->
