<?xml version="1.0" encoding="UTF-8"?>
<!-- Generated by org.testng.reporters.JUnitReportReporter -->
<testsuite hostname="TamannaPC" failures="0" tests="3" name="Day20_TestNG_RunningMultipleSuites_Regression.RegressionTestCases_SearchProduct" time="0.003" errors="0" timestamp="2024-02-22T21:54:49 EST" skipped="0">
  <testcase classname="Day20_TestNG_RunningMultipleSuites_Regression.RegressionTestCases_SearchProduct" name="test7" time="0.001"/>
  <testcase classname="Day20_TestNG_RunningMultipleSuites_Regression.RegressionTestCases_SearchProduct" name="test8" time="0.001"/>
  <testcase classname="Day20_TestNG_RunningMultipleSuites_Regression.RegressionTestCases_SearchProduct" name="test9" time="0.001"/>
</testsuite> <!-- Day20_TestNG_RunningMultipleSuites_Regression.RegressionTestCases_SearchProduct -->
