<?xml version="1.0" encoding="UTF-8"?>
<!-- Generated by org.testng.reporters.JUnitReportReporter -->
<testsuite hostname="Laptom" failures="0" tests="1" name="testExamples.getAllLinkUsingXpath" time="12.126" errors="0" timestamp="2024-04-25T11:34:41 EDT" skipped="0">
  <testcase classname="testExamples.getAllLinkUsingXpath" name="getAllLink" time="12.126"/>
</testsuite> <!-- testExamples.getAllLinkUsingXpath -->
