<?xml version="1.0" encoding="UTF-8"?>
<!-- Generated by org.testng.reporters.JUnitReportReporter -->
<testsuite hostname="TamannaPC" failures="0" tests="1" name="Day18_Wait_BrowserOptions.TutotialNinja" time="4.117" errors="0" timestamp="2024-02-20T18:28:22 EST" skipped="0">
  <testcase classname="Day18_Wait_BrowserOptions.TutotialNinja" name="TuturialsninjaLogin" time="4.117"/>
</testsuite> <!-- Day18_Wait_BrowserOptions.TutotialNinja -->
