<?xml version="1.0" encoding="UTF-8"?>
<!-- Generated by org.testng.reporters.JUnitReportReporter -->
<testsuite hostname="Laptom" failures="0" tests="5" name="PracticeTestBase.login" time="26.162" errors="0" timestamp="2024-04-18T00:59:41 EDT" skipped="0">
  <testcase classname="PracticeTestBase.login" name="verifyLoginWithValidCredential" time="5.574"/>
  <testcase classname="PracticeTestBase.login" name="verifyLoginWithInvalidCredentials" time="5.327"/>
  <testcase classname="PracticeTestBase.login" name="verifyLoginWithValidEmailInvalidPassword" time="5.201"/>
  <testcase classname="PracticeTestBase.login" name="verifyLoginWithInalidEmailValidPassword" time="5.105"/>
  <testcase classname="PracticeTestBase.login" name="verifyLoginNoEntry" time="4.955"/>
</testsuite> <!-- PracticeTestBase.login -->
