<?xml version="1.0" encoding="UTF-8"?>
<!-- Generated by org.testng.reporters.JUnitReportReporter -->
<testsuite hostname="TamannaPC" failures="0" tests="3" name="DataProvider.Rules_DataProvider_Practice" time="0.013" errors="0" timestamp="2024-02-14T16:29:54 EST" skipped="0">
  <testcase classname="DataProvider.Rules_DataProvider_Practice" name="loginTest" time="0.001"/>
  <testcase classname="DataProvider.Rules_DataProvider_Practice" name="loginTest" time="0.011"/>
  <testcase classname="DataProvider.Rules_DataProvider_Practice" name="loginTest" time="0.001"/>
</testsuite> <!-- DataProvider.Rules_DataProvider_Practice -->
