<?xml version="1.0" encoding="UTF-8"?>
<!-- Generated by org.testng.reporters.JUnitReportReporter -->
<testsuite hostname="TamannaPC" failures="0" tests="5" name="Day12_Assertion_In_TestNG.Class_Assignment_Assertions_Login" time="33.361" errors="0" timestamp="2024-02-27T17:35:25 EST" skipped="0">
  <testcase classname="Day12_Assertion_In_TestNG.Class_Assignment_Assertions_Login" name="enterValidCredentials" time="8.827"/>
  <testcase classname="Day12_Assertion_In_TestNG.Class_Assignment_Assertions_Login" name="enterValidEmailInvalidPassword" time="5.669"/>
  <testcase classname="Day12_Assertion_In_TestNG.Class_Assignment_Assertions_Login" name="enterInvalidEmailValidPassword" time="5.692"/>
  <testcase classname="Day12_Assertion_In_TestNG.Class_Assignment_Assertions_Login" name="enterInvalidCredentials" time="5.527"/>
  <testcase classname="Day12_Assertion_In_TestNG.Class_Assignment_Assertions_Login" name="enterNoCredentials" time="7.646"/>
</testsuite> <!-- Day12_Assertion_In_TestNG.Class_Assignment_Assertions_Login -->
