<?xml version="1.0" encoding="UTF-8"?>
<!-- Generated by org.testng.reporters.JUnitReportReporter -->
<testsuite hostname="TamannaPC" failures="0" tests="5" name="TestNG_Groups.TestCases_Groups" time="33.549" errors="0" timestamp="2024-02-14T21:49:54 EST" skipped="0">
  <testcase classname="TestNG_Groups.TestCases_Groups" name="verifyLoginWithValidCredentials" time="6.429"/>
  <testcase classname="TestNG_Groups.TestCases_Groups" name="verifyLoginWithInvalidCredentials" time="6.774"/>
  <testcase classname="TestNG_Groups.TestCases_Groups" name="verifyLoginWithValidEmailInvalidPassword" time="6.920"/>
  <testcase classname="TestNG_Groups.TestCases_Groups" name="verifyLoginWithInvalidEmailValidPassword" time="6.841"/>
  <testcase classname="TestNG_Groups.TestCases_Groups" name="verifyLoginWithNoCredentials" time="6.585"/>
</testsuite> <!-- TestNG_Groups.TestCases_Groups -->
