<?xml version="1.0" encoding="UTF-8"?>
<!-- Generated by org.testng.reporters.JUnitReportReporter -->
<testsuite hostname="Laptom" failures="0" tests="1" name="testExamples.getAllLinkUsingInaPage" time="8.526" errors="0" timestamp="2024-03-21T21:17:34 EDT" skipped="0">
  <testcase classname="testExamples.getAllLinkUsingInaPage" name="getAllLinks" time="8.526"/>
</testsuite> <!-- testExamples.getAllLinkUsingInaPage -->
