<?xml version="1.0" encoding="UTF-8"?>
<!-- Generated by org.testng.reporters.JUnitReportReporter -->
<testsuite hostname="TamannaPC" failures="0" tests="1" name="Day18_Wait_Selenium_Extra_Topics.Alerts_PopUps_Practice" time="4.333" errors="0" timestamp="2024-02-19T00:05:10 EST" skipped="0">
  <testcase classname="Day18_Wait_Selenium_Extra_Topics.Alerts_PopUps_Practice" name="handlingAlertOrPopUps" time="4.333"/>
</testsuite> <!-- Day18_Wait_Selenium_Extra_Topics.Alerts_PopUps_Practice -->
