<?xml version="1.0" encoding="UTF-8"?>
<!-- Generated by org.testng.reporters.JUnitReportReporter -->
<testsuite hostname="Laptom" failures="0" tests="1" name="testExamples.Select_Dropdown" time="5.278" errors="0" timestamp="2024-04-15T11:45:28 EDT" skipped="0">
  <testcase classname="testExamples.Select_Dropdown" name="facebookDateofBirthDropdown" time="5.278"/>
</testsuite> <!-- testExamples.Select_Dropdown -->
