<?xml version="1.0" encoding="UTF-8"?>
<!-- Generated by org.testng.reporters.JUnitReportReporter -->
<testsuite hostname="TamannaPC" failures="0" tests="5" name="Assertion_In_TestNG.Class_Assignment_Assertions_Login" time="32.697" errors="0" timestamp="2024-01-26T14:32:07 EST" skipped="0">
  <testcase classname="Assertion_In_TestNG.Class_Assignment_Assertions_Login" name="enterValidCredentials" time="6.337"/>
  <testcase classname="Assertion_In_TestNG.Class_Assignment_Assertions_Login" name="enterValidEmailInvalidPassword" time="6.867"/>
  <testcase classname="Assertion_In_TestNG.Class_Assignment_Assertions_Login" name="enterInvalidEmailValidPassword" time="6.625"/>
  <testcase classname="Assertion_In_TestNG.Class_Assignment_Assertions_Login" name="enterInvalidCredentials" time="6.255"/>
  <testcase classname="Assertion_In_TestNG.Class_Assignment_Assertions_Login" name="enterNoCredentials" time="6.613"/>
</testsuite> <!-- Assertion_In_TestNG.Class_Assignment_Assertions_Login -->
