<?xml version="1.0" encoding="UTF-8"?>
<!-- Generated by org.testng.reporters.JUnitReportReporter -->
<testsuite hostname="TamannaPC" failures="0" tests="3" name="TestNG.RegisterTest" time="21.068" errors="0" timestamp="2024-02-21T23:09:34 EST" skipped="0">
  <testcase classname="TestNG.RegisterTest" name="RegisterTestWithNotselectingagree" time="7.014"/>
  <testcase classname="TestNG.RegisterTest" name="RegisterTestWithemptyFirstName" time="6.318"/>
  <testcase classname="TestNG.RegisterTest" name="RegisterTestWithemptyLastname" time="7.736"/>
</testsuite> <!-- TestNG.RegisterTest -->
