<?xml version="1.0" encoding="UTF-8"?>
<!-- Generated by org.testng.reporters.JUnitReportReporter -->
<testsuite hostname="Laptom" failures="0" tests="1" name="testExamples.doubleClickAction" time="5.324" errors="0" timestamp="2024-05-02T13:48:59 EDT" skipped="0">
  <testcase classname="testExamples.doubleClickAction" name="doubleClickAction" time="5.324"/>
</testsuite> <!-- testExamples.doubleClickAction -->
