<?xml version="1.0" encoding="UTF-8"?>
<!-- Generated by org.testng.reporters.JUnitReportReporter -->
<testsuite hostname="TamannaPC" failures="0" tests="1" name="Day18_Wait_Selenium_Extra_Topics.Screen_Shot_Of_TN$Screen_Shot" time="5.065" errors="0" timestamp="2024-02-18T16:06:57 EST" skipped="0">
  <testcase classname="Day18_Wait_Selenium_Extra_Topics.Screen_Shot_Of_TN$Screen_Shot" name="howToCaptureScreenShot" time="5.065"/>
</testsuite> <!-- Day18_Wait_Selenium_Extra_Topics.Screen_Shot_Of_TN$Screen_Shot -->
