<?xml version="1.0" encoding="UTF-8"?>
<!-- Generated by org.testng.reporters.JUnitReportReporter -->
<testsuite hostname="TamannaPC" failures="0" tests="1" name="Day18_Wait_Selenium_Extra_Topics.ScreenShot_Practice$screen_shot" time="6.227" errors="0" timestamp="2024-02-19T01:05:18 EST" skipped="0">
  <testcase classname="Day18_Wait_Selenium_Extra_Topics.ScreenShot_Practice$screen_shot" name="hotToCaptureScreenShot" time="6.227"/>
</testsuite> <!-- Day18_Wait_Selenium_Extra_Topics.ScreenShot_Practice$screen_shot -->
