<?xml version="1.0" encoding="UTF-8"?>
<!-- Generated by org.testng.reporters.JUnitReportReporter -->
<testsuite hostname="TamannaPC" failures="0" tests="1" name="TestNG.Annotation_of_TestNG_practice" time="0.010" errors="0" timestamp="2024-01-22T00:15:51 EST" skipped="0">
  <testcase classname="TestNG.Annotation_of_TestNG_practice" name="testCase1" time="0.010"/>
</testsuite> <!-- TestNG.Annotation_of_TestNG_practice -->
