<?xml version="1.0" encoding="UTF-8"?>
<!-- Generated by org.testng.reporters.JUnitReportReporter -->
<testsuite hostname="TamannaPC" failures="0" tests="5" name="Assertion_In_TestNG.TN_Register_Validations_Using_Assertions_practice" time="37.019" errors="0" timestamp="2024-01-29T20:18:07 EST" skipped="0">
  <testcase classname="Assertion_In_TestNG.TN_Register_Validations_Using_Assertions_practice" name="registerWithourEnteringAnyFields" time="9.492"/>
  <testcase classname="Assertion_In_TestNG.TN_Register_Validations_Using_Assertions_practice" name="registerWithMandatoryDetails" time="6.345"/>
  <testcase classname="Assertion_In_TestNG.TN_Register_Validations_Using_Assertions_practice" name="registerWithAllDetails" time="7.789"/>
  <testcase classname="Assertion_In_TestNG.TN_Register_Validations_Using_Assertions_practice" name="registerWithExistingEmail" time="6.401"/>
  <testcase classname="Assertion_In_TestNG.TN_Register_Validations_Using_Assertions_practice" name="registerWithWrongConfirmPassword" time="6.992"/>
</testsuite> <!-- Assertion_In_TestNG.TN_Register_Validations_Using_Assertions_practice -->
