<?xml version="1.0" encoding="UTF-8"?>
<!-- Generated by org.testng.reporters.JUnitReportReporter -->
<testsuite hostname="Laptom" failures="0" tests="1" name="Day23_WebTables.Assignment" time="5.049" errors="0" timestamp="2024-03-08T23:40:11 EST" skipped="0">
  <testcase classname="Day23_WebTables.Assignment" name="assignment3" time="5.049"/>
</testsuite> <!-- Day23_WebTables.Assignment -->
