<?xml version="1.0" encoding="UTF-8"?>
<!-- Generated by org.testng.reporters.JUnitReportReporter -->
<testsuite hostname="TamannaPC" failures="0" tests="10" name="DataProvider.DataProvider_TutorialsNinjaLogin" time="62.444" errors="0" timestamp="2024-02-14T16:38:40 EST" skipped="0">
  <testcase classname="DataProvider.DataProvider_TutorialsNinjaLogin" name="loginTest" time="6.042"/>
  <testcase classname="DataProvider.DataProvider_TutorialsNinjaLogin" name="loginTest" time="6.091"/>
  <testcase classname="DataProvider.DataProvider_TutorialsNinjaLogin" name="loginTest" time="6.544"/>
  <testcase classname="DataProvider.DataProvider_TutorialsNinjaLogin" name="loginTest" time="5.627"/>
  <testcase classname="DataProvider.DataProvider_TutorialsNinjaLogin" name="loginTest" time="5.684"/>
  <testcase classname="DataProvider.DataProvider_TutorialsNinjaLogin" name="loginTest" time="7.235"/>
  <testcase classname="DataProvider.DataProvider_TutorialsNinjaLogin" name="loginTest" time="5.808"/>
  <testcase classname="DataProvider.DataProvider_TutorialsNinjaLogin" name="loginTest" time="6.590"/>
  <testcase classname="DataProvider.DataProvider_TutorialsNinjaLogin" name="loginTest" time="5.833"/>
  <testcase classname="DataProvider.DataProvider_TutorialsNinjaLogin" name="loginTest" time="6.990"/>
</testsuite> <!-- DataProvider.DataProvider_TutorialsNinjaLogin -->
