<?xml version="1.0" encoding="UTF-8"?>
<!-- Generated by org.testng.reporters.JUnitReportReporter -->
<testsuite hostname="TamannaPC" failures="0" tests="1" name="TestNG.New_Tab_New_Window" time="25.639" errors="0" timestamp="2024-01-28T19:29:49 EST" skipped="0">
  <testcase classname="TestNG.New_Tab_New_Window" name="logic1" time="25.639"/>
</testsuite> <!-- TestNG.New_Tab_New_Window -->
