<?xml version="1.0" encoding="UTF-8"?>
<!-- Generated by org.testng.reporters.JUnitReportReporter -->
<testsuite hostname="TamannaPC" failures="0" tests="1" name="Assertion_In_TestNG.TN_Register_Assertions_Using_Assert" time="7.255" errors="0" timestamp="2024-01-29T19:15:54 EST" skipped="0">
  <testcase classname="Assertion_In_TestNG.TN_Register_Assertions_Using_Assert" name="registerWithoutEnteringAnyFields" time="7.255"/>
</testsuite> <!-- Assertion_In_TestNG.TN_Register_Assertions_Using_Assert -->
