<?xml version="1.0" encoding="UTF-8"?>
<!-- Generated by org.testng.reporters.JUnitReportReporter -->
<testsuite hostname="TamannaPC" failures="0" tests="3" name="Day18_Mouse_Keyboard_Actions.Mouse_Actions_Practice" time="11.413" errors="0" timestamp="2024-02-19T23:19:11 EST" skipped="0">
  <testcase classname="Day18_Mouse_Keyboard_Actions.Mouse_Actions_Practice" name="mouseActionsOperations" time="5.517"/>
  <testcase classname="Day18_Mouse_Keyboard_Actions.Mouse_Actions_Practice" name="mouseActionsOperationsDraggable" time="2.754"/>
  <testcase classname="Day18_Mouse_Keyboard_Actions.Mouse_Actions_Practice" name="mouseActionsOperationsDragAndDrop" time="3.142"/>
</testsuite> <!-- Day18_Mouse_Keyboard_Actions.Mouse_Actions_Practice -->
