<?xml version="1.0" encoding="UTF-8"?>
<!-- Generated by org.testng.reporters.JUnitReportReporter -->
<testsuite hostname="Laptom" failures="0" tests="1" name="testExamples.getOptionsMethod" time="4.044" errors="0" timestamp="2024-03-26T10:39:54 EDT" skipped="0">
  <testcase classname="testExamples.getOptionsMethod" name="getOptions" time="4.044"/>
</testsuite> <!-- testExamples.getOptionsMethod -->
