<?xml version="1.0" encoding="UTF-8"?>
<!-- Generated by org.testng.reporters.JUnitReportReporter -->
<testsuite hostname="TamannaPC" failures="0" tests="1" name="Day18_Mouse_Keyboard_Actions.Keyboard_Actions_Practice" time="6.155" errors="0" timestamp="2024-02-19T20:45:01 EST" skipped="0">
  <testcase classname="Day18_Mouse_Keyboard_Actions.Keyboard_Actions_Practice" name="loginTutorialsNinjaKeyBoard" time="6.155"/>
</testsuite> <!-- Day18_Mouse_Keyboard_Actions.Keyboard_Actions_Practice -->
