<?xml version="1.0" encoding="UTF-8"?>
<!-- Generated by org.testng.reporters.JUnitReportReporter -->
<testsuite hostname="Laptom" failures="0" tests="1" name="Day23_WebTables.Practice_Assignment_centralBank" time="73.228" errors="0" timestamp="2024-03-09T01:39:01 EST" skipped="0">
  <testcase classname="Day23_WebTables.Practice_Assignment_centralBank" name="assignment4" time="73.228"/>
</testsuite> <!-- Day23_WebTables.Practice_Assignment_centralBank -->
