<?xml version="1.0" encoding="UTF-8"?>
<!-- Generated by org.testng.reporters.JUnitReportReporter -->
<testsuite hostname="Laptom" failures="0" tests="1" name="testExamples.drapAndDropActions" time="2.882" errors="0" timestamp="2024-05-02T17:33:09 EDT" skipped="0">
  <testcase classname="testExamples.drapAndDropActions" name="dragAndDrop" time="2.882"/>
</testsuite> <!-- testExamples.drapAndDropActions -->
