<?xml version="1.0" encoding="UTF-8"?>
<!-- Generated by org.testng.reporters.JUnitReportReporter -->
<testsuite hostname="Laptom" failures="0" tests="1" name="testExamples.Navigate_Website_nav_differentPage_verify_elementPresence" time="5.305" errors="0" timestamp="2024-04-23T16:34:00 EDT" skipped="0">
  <testcase classname="testExamples.Navigate_Website_nav_differentPage_verify_elementPresence" name="navigate_website_nav_differentPage_verify_presence_Of_Web_Element" time="5.305"/>
</testsuite> <!-- testExamples.Navigate_Website_nav_differentPage_verify_elementPresence -->
