<?xml version="1.0" encoding="UTF-8"?>
<!-- Generated by org.testng.reporters.JUnitReportReporter -->
<testsuite hostname="Laptom" failures="0" tests="11" name="Day16_DataProvider.DataProvider_TutorialsNinjaLogin_Practice" time="71.745" errors="0" timestamp="2024-03-06T16:21:38 EST" skipped="0">
  <testcase classname="Day16_DataProvider.DataProvider_TutorialsNinjaLogin_Practice" name="loginTest" time="5.491"/>
  <testcase classname="Day16_DataProvider.DataProvider_TutorialsNinjaLogin_Practice" name="loginTest" time="5.569"/>
  <testcase classname="Day16_DataProvider.DataProvider_TutorialsNinjaLogin_Practice" name="loginTest" time="5.289"/>
  <testcase classname="Day16_DataProvider.DataProvider_TutorialsNinjaLogin_Practice" name="loginTest" time="5.524"/>
  <testcase classname="Day16_DataProvider.DataProvider_TutorialsNinjaLogin_Practice" name="loginTest" time="5.560"/>
  <testcase classname="Day16_DataProvider.DataProvider_TutorialsNinjaLogin_Practice" name="loginTest" time="5.547"/>
  <testcase classname="Day16_DataProvider.DataProvider_TutorialsNinjaLogin_Practice" name="loginTest" time="16.422"/>
  <testcase classname="Day16_DataProvider.DataProvider_TutorialsNinjaLogin_Practice" name="loginTest" time="5.459"/>
  <testcase classname="Day16_DataProvider.DataProvider_TutorialsNinjaLogin_Practice" name="loginTest" time="5.561"/>
  <testcase classname="Day16_DataProvider.DataProvider_TutorialsNinjaLogin_Practice" name="loginTest" time="5.789"/>
  <testcase classname="Day16_DataProvider.DataProvider_TutorialsNinjaLogin_Practice" name="loginTest" time="5.534"/>
</testsuite> <!-- Day16_DataProvider.DataProvider_TutorialsNinjaLogin_Practice -->
