<?xml version="1.0" encoding="UTF-8"?>
<!-- Generated by org.testng.reporters.JUnitReportReporter -->
<testsuite hostname="Laptom" failures="0" tests="1" name="testExamples.selectDropdown" time="5.653" errors="0" timestamp="2024-04-19T00:37:51 EDT" skipped="0">
  <testcase classname="testExamples.selectDropdown" name="selectOptions" time="5.653"/>
</testsuite> <!-- testExamples.selectDropdown -->
