<?xml version="1.0" encoding="UTF-8"?>
<!-- Generated by org.testng.reporters.JUnitReportReporter -->
<testsuite hostname="TamannaPC" failures="0" tests="5" name="Day12_Assertion_In_TestNG.Class_Assignment_Assertions_Register" time="41.399" errors="0" timestamp="2024-02-21T21:43:18 EST" skipped="0">
  <testcase classname="Day12_Assertion_In_TestNG.Class_Assignment_Assertions_Register" name="registerWithNoInputs" time="6.824"/>
  <testcase classname="Day12_Assertion_In_TestNG.Class_Assignment_Assertions_Register" name="registerWithMandatoryDetails" time="8.426"/>
  <testcase classname="Day12_Assertion_In_TestNG.Class_Assignment_Assertions_Register" name="registerWithAllDetails" time="7.806"/>
  <testcase classname="Day12_Assertion_In_TestNG.Class_Assignment_Assertions_Register" name="registerWithExistingEmail" time="10.693"/>
  <testcase classname="Day12_Assertion_In_TestNG.Class_Assignment_Assertions_Register" name="registerWithWrongConfirmPassword" time="7.650"/>
</testsuite> <!-- Day12_Assertion_In_TestNG.Class_Assignment_Assertions_Register -->
