<?xml version="1.0" encoding="UTF-8"?>
<!-- Generated by org.testng.reporters.JUnitReportReporter -->
<testsuite hostname="TamannaPC" failures="0" tests="1" name="Wait_Selenium_Extra_Topics.Tool_Tip" time="4.994" errors="0" timestamp="2024-02-14T20:32:28 EST" skipped="0">
  <testcase classname="Wait_Selenium_Extra_Topics.Tool_Tip" name="determineToolTip" time="4.994"/>
</testsuite> <!-- Wait_Selenium_Extra_Topics.Tool_Tip -->
