<?xml version="1.0" encoding="UTF-8"?>
<!-- Generated by org.testng.reporters.JUnitReportReporter -->
<testsuite hostname="TamannaPC" failures="0" tests="2" name="Cookies_And_Dropdown.Select_Dropdown" time="13.616" errors="0" timestamp="2024-01-31T19:34:25 EST" skipped="0">
  <testcase classname="Cookies_And_Dropdown.Select_Dropdown" name="facebookDateOfBirthDropdownForJanuary1947" time="8.366"/>
  <testcase classname="Cookies_And_Dropdown.Select_Dropdown" name="facebookDateOfBirthDropdownForDec1999" time="5.250"/>
</testsuite> <!-- Cookies_And_Dropdown.Select_Dropdown -->
