<?xml version="1.0" encoding="UTF-8"?>
<!-- Generated by org.testng.reporters.JUnitReportReporter -->
<testsuite hostname="Laptom" failures="0" tests="1" name="testExamples.uploadFileWithAutoIT" time="6.725" errors="0" timestamp="2024-05-18T12:21:20 EDT" skipped="0">
  <testcase classname="testExamples.uploadFileWithAutoIT" name="Upload" time="6.725"/>
</testsuite> <!-- testExamples.uploadFileWithAutoIT -->
