<?xml version="1.0" encoding="UTF-8"?>
<!-- Generated by org.testng.reporters.JUnitReportReporter -->
<testsuite hostname="TamannaPC" failures="0" tests="3" name="TestNG.Independent_class" time="0.010" errors="0" timestamp="2024-02-14T20:24:33 EST" skipped="1">
  <testcase classname="TestNG.Independent_class" name="case1" time="0.009"/>
  <testcase classname="TestNG.Independent_class" name="case2" time="0.001"/>
  <testcase classname="TestNG.Independent_class" name="case3">
    <skipped/>
  </testcase> <!-- case3 -->
</testsuite> <!-- TestNG.Independent_class -->
