<?xml version="1.0" encoding="UTF-8"?>
<!-- Generated by org.testng.reporters.JUnitReportReporter -->
<testsuite hostname="TamannaPC" failures="0" tests="3" name="TestNG.TriCombo_of_TestNG_practice" time="0.044" errors="0" timestamp="2024-01-22T00:22:11 EST" skipped="0">
  <testcase classname="TestNG.TriCombo_of_TestNG_practice" name="testCase1" time="0.017"/>
  <testcase classname="TestNG.TriCombo_of_TestNG_practice" name="testCase2" time="0.024"/>
  <testcase classname="TestNG.TriCombo_of_TestNG_practice" name="testCase3" time="0.003"/>
</testsuite> <!-- TestNG.TriCombo_of_TestNG_practice -->
