<?xml version="1.0" encoding="UTF-8"?>
<!-- Generated by org.testng.reporters.JUnitReportReporter -->
<testsuite hostname="TamannaPC" failures="0" tests="1" name="Day18_Wait_BrowserOptions.TutotialNinja$ChromeOptions_ChromeBrowser_Practice" time="3.964" errors="0" timestamp="2024-02-20T18:26:56 EST" skipped="0">
  <testcase classname="Day18_Wait_BrowserOptions.TutotialNinja$ChromeOptions_ChromeBrowser_Practice" name="TuturialsninjaLogin" time="3.964"/>
</testsuite> <!-- Day18_Wait_BrowserOptions.TutotialNinja$ChromeOptions_ChromeBrowser_Practice -->
