<?xml version="1.0" encoding="UTF-8"?>
<!-- Generated by org.testng.reporters.JUnitReportReporter -->
<testsuite hostname="Laptom" failures="0" tests="2" name="DAY23_Dynamic_Dropdown.Practice_Looping_Dropdown" time="7.042" errors="0" timestamp="2024-03-09T18:24:25 EST" skipped="0">
  <testcase classname="DAY23_Dynamic_Dropdown.Practice_Looping_Dropdown" name="loopingDropDownEaseMyTrip" time="7.041"/>
  <testcase classname="DAY23_Dynamic_Dropdown.Practice_Looping_Dropdown" name="spiceJet" time="0.001"/>
</testsuite> <!-- DAY23_Dynamic_Dropdown.Practice_Looping_Dropdown -->
