<?xml version="1.0" encoding="UTF-8"?>
<!-- Generated by org.testng.reporters.JUnitReportReporter -->
<testsuite hostname="TamannaPC" failures="0" tests="2" name="DataDriven_Testing.DataDriven_PropertiesFile_TN_Register" time="0.011" errors="0" timestamp="2024-02-06T19:03:20 EST" skipped="1">
  <testcase classname="DataDriven_Testing.DataDriven_PropertiesFile_TN_Register" name="readRegisterDataFromPropertiesFile" time="0.011"/>
  <testcase classname="DataDriven_Testing.DataDriven_PropertiesFile_TN_Register" name="checkPath">
    <skipped/>
  </testcase> <!-- checkPath -->
</testsuite> <!-- DataDriven_Testing.DataDriven_PropertiesFile_TN_Register -->
