<?xml version="1.0" encoding="UTF-8"?>
<!-- Generated by org.testng.reporters.JUnitReportReporter -->
<testsuite hostname="TamannaPC" failures="0" tests="1" name="Day18_Wait_Selenium_Extra_Topics.ZoomIN_ZoomOUT_Practice" time="12.991" errors="0" timestamp="2024-02-19T00:42:32 EST" skipped="0">
  <testcase classname="Day18_Wait_Selenium_Extra_Topics.ZoomIN_ZoomOUT_Practice" name="zoomInZoomOut" time="12.991"/>
</testsuite> <!-- Day18_Wait_Selenium_Extra_Topics.ZoomIN_ZoomOUT_Practice -->
