<?xml version="1.0" encoding="UTF-8"?>
<!-- Generated by org.testng.reporters.JUnitReportReporter -->
<testsuite hostname="Laptom" failures="0" tests="1" name="testExamples.submitFormInSelenium" time="4.266" errors="0" timestamp="2024-03-21T23:55:24 EDT" skipped="0">
  <testcase classname="testExamples.submitFormInSelenium" name="submitForm" time="4.266"/>
</testsuite> <!-- testExamples.submitFormInSelenium -->
