<?xml version="1.0" encoding="UTF-8"?>
<!-- Generated by org.testng.reporters.JUnitReportReporter -->
<testsuite hostname="Laptom" failures="0" tests="1" name="Day24_Multiple_Webelements.Handling_Multiple_WebElements" time="35.266" errors="0" timestamp="2024-03-06T19:45:37 EST" skipped="0">
  <testcase classname="Day24_Multiple_Webelements.Handling_Multiple_WebElements" name="totalLinks" time="35.266"/>
</testsuite> <!-- Day24_Multiple_Webelements.Handling_Multiple_WebElements -->
