<?xml version="1.0" encoding="UTF-8"?>
<!-- Generated by org.testng.reporters.JUnitReportReporter -->
<testsuite hostname="TamannaPC" failures="0" tests="1" name="Day18_Wait_BrowserOptions.FirefoxOptions_FirefoxBrowser_practice" time="9.666" errors="0" timestamp="2024-02-18T23:44:33 EST" skipped="0">
  <testcase classname="Day18_Wait_BrowserOptions.FirefoxOptions_FirefoxBrowser_practice" name="TutorialsninjaLogin" time="9.666"/>
</testsuite> <!-- Day18_Wait_BrowserOptions.FirefoxOptions_FirefoxBrowser_practice -->
