<?xml version="1.0" encoding="UTF-8"?>
<!-- Generated by org.testng.reporters.JUnitReportReporter -->
<testsuite hostname="TamannaPC" failures="0" tests="1" name="Wait_Selenium_Extra_Topics.ZoomIn_ZoomOut" time="5.561" errors="0" timestamp="2024-02-14T20:39:06 EST" skipped="0">
  <testcase classname="Wait_Selenium_Extra_Topics.ZoomIn_ZoomOut" name="zoomInZoomOut" time="5.561"/>
</testsuite> <!-- Wait_Selenium_Extra_Topics.ZoomIn_ZoomOut -->
