<?xml version="1.0" encoding="UTF-8"?>
<!-- Generated by org.testng.reporters.JUnitReportReporter -->
<testsuite hostname="Laptom" failures="0" tests="1" name="testExamples.screentShot_practice" time="6.012" errors="0" timestamp="2024-05-06T16:30:28 EDT" skipped="0">
  <testcase classname="testExamples.screentShot_practice" name="screenShot" time="6.012"/>
</testsuite> <!-- testExamples.screentShot_practice -->
