<?xml version="1.0" encoding="UTF-8"?>
<!-- Generated by org.testng.reporters.JUnitReportReporter -->
<testsuite hostname="Laptom" failures="0" tests="7" name="Day17_DataProvider_ExcelSheet.TestCase" time="34.227" errors="0" timestamp="2024-05-05T17:26:50 EDT" skipped="0">
  <testcase classname="Day17_DataProvider_ExcelSheet.TestCase" name="loginTNTest" time="4.956"/>
  <testcase classname="Day17_DataProvider_ExcelSheet.TestCase" name="loginTNTest" time="4.730"/>
  <testcase classname="Day17_DataProvider_ExcelSheet.TestCase" name="loginTNTest" time="4.833"/>
  <testcase classname="Day17_DataProvider_ExcelSheet.TestCase" name="loginTNTest" time="5.411"/>
  <testcase classname="Day17_DataProvider_ExcelSheet.TestCase" name="loginTNTest" time="4.756"/>
  <testcase classname="Day17_DataProvider_ExcelSheet.TestCase" name="loginTNTest" time="4.765"/>
  <testcase classname="Day17_DataProvider_ExcelSheet.TestCase" name="loginTNTest" time="4.776"/>
</testsuite> <!-- Day17_DataProvider_ExcelSheet.TestCase -->
