<?xml version="1.0" encoding="UTF-8"?>
<!-- Generated by org.testng.reporters.JUnitReportReporter -->
<testsuite hostname="TamannaPC" failures="0" tests="1" name="Day18_Wait_Selenium_Extra_Topics.ToolTip_practice" time="6.335" errors="0" timestamp="2024-02-19T00:34:14 EST" skipped="0">
  <testcase classname="Day18_Wait_Selenium_Extra_Topics.ToolTip_practice" name="determineToolTip" time="6.335"/>
</testsuite> <!-- Day18_Wait_Selenium_Extra_Topics.ToolTip_practice -->
