<?xml version="1.0" encoding="UTF-8"?>
<!-- Generated by org.testng.reporters.JUnitReportReporter -->
<testsuite hostname="TamannaPC" failures="0" tests="1" name="Wait_BrowserOptions.ChromeOptions_ChromeBrowser" time="8.811" errors="0" timestamp="2024-02-14T18:59:00 EST" skipped="0">
  <testcase classname="Wait_BrowserOptions.ChromeOptions_ChromeBrowser" name="tutorialsNinjaLogin" time="8.811"/>
</testsuite> <!-- Wait_BrowserOptions.ChromeOptions_ChromeBrowser -->
