<?xml version="1.0" encoding="UTF-8"?>
<!-- Generated by org.testng.reporters.JUnitReportReporter -->
<testsuite hostname="Laptom" failures="0" tests="5" name="testExamples.TN_Login_Validations_Using_Assertions" time="26.771" errors="0" timestamp="2024-04-15T16:12:35 EDT" skipped="0">
  <testcase classname="testExamples.TN_Login_Validations_Using_Assertions" name="LoginWithValidCredential" time="5.454"/>
  <testcase classname="testExamples.TN_Login_Validations_Using_Assertions" name="LoginWithInvalidEmailValidPassword" time="5.174"/>
  <testcase classname="testExamples.TN_Login_Validations_Using_Assertions" name="LoginWithValidEmailInvalidPassword" time="5.796"/>
  <testcase classname="testExamples.TN_Login_Validations_Using_Assertions" name="LoginWithInvalidCredential" time="5.539"/>
  <testcase classname="testExamples.TN_Login_Validations_Using_Assertions" name="LoginWithNoCredential" time="4.808"/>
</testsuite> <!-- testExamples.TN_Login_Validations_Using_Assertions -->
