<?xml version="1.0" encoding="UTF-8"?>
<!-- Generated by org.testng.reporters.JUnitReportReporter -->
<testsuite hostname="TamannaPC" failures="0" tests="1" name="Day18_Wait_Selenium_Extra_Topics.Handling_Frames_practice" time="6.270" errors="0" timestamp="2024-02-18T23:57:26 EST" skipped="0">
  <testcase classname="Day18_Wait_Selenium_Extra_Topics.Handling_Frames_practice" name="managingFrames" time="6.270"/>
</testsuite> <!-- Day18_Wait_Selenium_Extra_Topics.Handling_Frames_practice -->
