<?xml version="1.0" encoding="UTF-8"?>
<!-- Generated by org.testng.reporters.JUnitReportReporter -->
<testsuite hostname="TamannaPC" failures="0" tests="1" name="Cookies_And_Dropdown.Dropdown" time="5.908" errors="0" timestamp="2024-01-31T19:36:06 EST" skipped="0">
  <testcase classname="Cookies_And_Dropdown.Dropdown" name="facebookDateOfBirthDropdownForJanuary1947" time="5.908"/>
</testsuite> <!-- Cookies_And_Dropdown.Dropdown -->
