<?xml version="1.0" encoding="UTF-8"?>
<!-- Generated by org.testng.reporters.JUnitReportReporter -->
<testsuite hostname="Laptom" failures="0" tests="1" name="testExamples.captureScreenShot" time="5.753" errors="0" timestamp="2024-03-24T00:02:44 EDT" skipped="0">
  <testcase classname="testExamples.captureScreenShot" name="screenShot" time="5.753"/>
</testsuite> <!-- testExamples.captureScreenShot -->
