<?xml version="1.0" encoding="UTF-8"?>
<!-- Generated by org.testng.reporters.JUnitReportReporter -->
<testsuite hostname="Laptom" failures="0" tests="3" name="testExamples.dataProvider" time="0.010" errors="0" timestamp="2024-05-04T20:27:29 EDT" skipped="0">
  <testcase classname="testExamples.dataProvider" name="loginTest" time="0.001"/>
  <testcase classname="testExamples.dataProvider" name="loginTest" time="0.008"/>
  <testcase classname="testExamples.dataProvider" name="loginTest" time="0.001"/>
</testsuite> <!-- testExamples.dataProvider -->
