<?xml version="1.0" encoding="UTF-8"?>
<!-- Generated by org.testng.reporters.JUnitReportReporter -->
<testsuite hostname="Laptom" failures="0" tests="1" name="testExamples.Login_ExplicitWait" time="7.216" errors="0" timestamp="2024-04-18T11:51:56 EDT" skipped="0">
  <testcase classname="testExamples.Login_ExplicitWait" name="validCredentials" time="7.216"/>
</testsuite> <!-- testExamples.Login_ExplicitWait -->
