<?xml version="1.0" encoding="UTF-8"?>
<!-- Generated by org.testng.reporters.JUnitReportReporter -->
<testsuite hostname="Laptom" failures="0" tests="3" name="PracticeTestBase.search" time="13.007" errors="0" timestamp="2024-04-18T00:59:41 EDT" skipped="0">
  <testcase classname="PracticeTestBase.search" name="searchWithValidProduct" time="4.374"/>
  <testcase classname="PracticeTestBase.search" name="searchWithInvalidProduct" time="4.492"/>
  <testcase classname="PracticeTestBase.search" name="searchWithNoProduct" time="4.141"/>
</testsuite> <!-- PracticeTestBase.search -->
