<?xml version="1.0" encoding="UTF-8"?>
<!-- Generated by org.testng.reporters.JUnitReportReporter -->
<testsuite hostname="TamannaPC" failures="0" tests="11" name="DataProvider.DataProvider_TutorialsNinjaLogin_Practice" time="73.993" errors="0" timestamp="2024-02-12T12:07:12 EST" skipped="0">
  <testcase classname="DataProvider.DataProvider_TutorialsNinjaLogin_Practice" name="loginTest" time="6.732"/>
  <testcase classname="DataProvider.DataProvider_TutorialsNinjaLogin_Practice" name="loginTest" time="6.605"/>
  <testcase classname="DataProvider.DataProvider_TutorialsNinjaLogin_Practice" name="loginTest" time="7.154"/>
  <testcase classname="DataProvider.DataProvider_TutorialsNinjaLogin_Practice" name="loginTest" time="6.236"/>
  <testcase classname="DataProvider.DataProvider_TutorialsNinjaLogin_Practice" name="loginTest" time="8.044"/>
  <testcase classname="DataProvider.DataProvider_TutorialsNinjaLogin_Practice" name="loginTest" time="8.254"/>
  <testcase classname="DataProvider.DataProvider_TutorialsNinjaLogin_Practice" name="loginTest" time="5.906"/>
  <testcase classname="DataProvider.DataProvider_TutorialsNinjaLogin_Practice" name="loginTest" time="6.247"/>
  <testcase classname="DataProvider.DataProvider_TutorialsNinjaLogin_Practice" name="loginTest" time="6.171"/>
  <testcase classname="DataProvider.DataProvider_TutorialsNinjaLogin_Practice" name="loginTest" time="6.236"/>
  <testcase classname="DataProvider.DataProvider_TutorialsNinjaLogin_Practice" name="loginTest" time="6.408"/>
</testsuite> <!-- DataProvider.DataProvider_TutorialsNinjaLogin_Practice -->
