<?xml version="1.0" encoding="UTF-8"?>
<!-- Generated by org.testng.reporters.JUnitReportReporter -->
<testsuite hostname="Laptom" failures="0" tests="1" name="testExamples.zoopInZoomOut" time="7.150" errors="0" timestamp="2024-05-06T12:31:23 EDT" skipped="0">
  <testcase classname="testExamples.zoopInZoomOut" name="zoom_In_zoom_Out" time="7.150"/>
</testsuite> <!-- testExamples.zoopInZoomOut -->
