<?xml version="1.0" encoding="UTF-8"?>
<!-- Generated by org.testng.reporters.JUnitReportReporter -->
<testsuite hostname="Laptom" failures="0" tests="5" name="PracticeTestBase.Register" time="27.423" errors="0" timestamp="2024-04-18T00:59:41 EDT" skipped="0">
  <testcase classname="PracticeTestBase.Register" name="RegisterWithMandatoryDetails" time="5.613"/>
  <testcase classname="PracticeTestBase.Register" name="RegisterWithAllDetails" time="5.188"/>
  <testcase classname="PracticeTestBase.Register" name="RegisterWithExistingEmail" time="5.939"/>
  <testcase classname="PracticeTestBase.Register" name="RegisterWithWrongConfirmPassword" time="5.484"/>
  <testcase classname="PracticeTestBase.Register" name="RegisterWithNoInput" time="5.199"/>
</testsuite> <!-- PracticeTestBase.Register -->
