<?xml version="1.0" encoding="UTF-8"?>
<!-- Generated by org.testng.reporters.JUnitReportReporter -->
<testsuite hostname="Laptom" failures="0" tests="1" name="testExamples.UseOfgetOptions" time="3.814" errors="0" timestamp="2024-05-03T13:20:45 EDT" skipped="0">
  <testcase classname="testExamples.UseOfgetOptions" name="getOptionsUse" time="3.814"/>
</testsuite> <!-- testExamples.UseOfgetOptions -->
