<?xml version="1.0" encoding="UTF-8"?>
<!-- Generated by org.testng.reporters.JUnitReportReporter -->
<testsuite hostname="TamannaPC" failures="0" tests="3" name="Day20_TestNG_RunningMultipleSuites_Sanity.Sanity_TestCases_Register" time="0.004" errors="0" timestamp="2024-02-22T21:54:49 EST" skipped="0">
  <testcase classname="Day20_TestNG_RunningMultipleSuites_Sanity.Sanity_TestCases_Register" name="test1" time="0.002"/>
  <testcase classname="Day20_TestNG_RunningMultipleSuites_Sanity.Sanity_TestCases_Register" name="test2" time="0.001"/>
  <testcase classname="Day20_TestNG_RunningMultipleSuites_Sanity.Sanity_TestCases_Register" name="test3" time="0.001"/>
</testsuite> <!-- Day20_TestNG_RunningMultipleSuites_Sanity.Sanity_TestCases_Register -->
