<?xml version="1.0" encoding="UTF-8"?>
<!-- Generated by org.testng.reporters.JUnitReportReporter -->
<testsuite hostname="TamannaPC" failures="0" tests="3" name="TestNG.TriCombo_TestNG" time="0.025" errors="0" timestamp="2024-02-21T22:53:53 EST" skipped="0">
  <testcase classname="TestNG.TriCombo_TestNG" name="testCase2" time="0.001"/>
  <testcase classname="TestNG.TriCombo_TestNG" name="testCase3" time="0.002"/>
  <testcase classname="TestNG.TriCombo_TestNG" name="testCase1" time="0.022"/>
</testsuite> <!-- TestNG.TriCombo_TestNG -->
