<?xml version="1.0" encoding="UTF-8"?>
<!-- Generated by org.testng.reporters.JUnitReportReporter -->
<testsuite hostname="Laptom" failures="0" tests="1" name="testExamples.getSearchTextBoxValue" time="9.341" errors="0" timestamp="2024-03-21T23:30:15 EDT" skipped="0">
  <testcase classname="testExamples.getSearchTextBoxValue" name="getAllLinks" time="9.341"/>
</testsuite> <!-- testExamples.getSearchTextBoxValue -->
