<?xml version="1.0" encoding="UTF-8"?>
<!-- Generated by org.testng.reporters.JUnitReportReporter -->
<testsuite hostname="Laptom" failures="0" tests="11" name="testExamples.DataProvider_TutorialNinjaLogin" time="80.840" errors="0" timestamp="2024-05-04T21:36:00 EDT" skipped="0">
  <testcase classname="testExamples.DataProvider_TutorialNinjaLogin" name="loginTest" time="7.465"/>
  <testcase classname="testExamples.DataProvider_TutorialNinjaLogin" name="loginTest" time="7.257"/>
  <testcase classname="testExamples.DataProvider_TutorialNinjaLogin" name="loginTest" time="7.142"/>
  <testcase classname="testExamples.DataProvider_TutorialNinjaLogin" name="loginTest" time="7.101"/>
  <testcase classname="testExamples.DataProvider_TutorialNinjaLogin" name="loginTest" time="7.542"/>
  <testcase classname="testExamples.DataProvider_TutorialNinjaLogin" name="loginTest" time="7.599"/>
  <testcase classname="testExamples.DataProvider_TutorialNinjaLogin" name="loginTest" time="7.170"/>
  <testcase classname="testExamples.DataProvider_TutorialNinjaLogin" name="loginTest" time="7.527"/>
  <testcase classname="testExamples.DataProvider_TutorialNinjaLogin" name="loginTest" time="7.378"/>
  <testcase classname="testExamples.DataProvider_TutorialNinjaLogin" name="loginTest" time="7.534"/>
  <testcase classname="testExamples.DataProvider_TutorialNinjaLogin" name="loginTest" time="7.125"/>
</testsuite> <!-- testExamples.DataProvider_TutorialNinjaLogin -->
