<?xml version="1.0" encoding="UTF-8"?>
<!-- Generated by org.testng.reporters.JUnitReportReporter -->
<testsuite hostname="Laptom" failures="0" tests="1" name="testExamples.TN_Data_From_PropertiesFile" time="10.946" errors="0" timestamp="2024-04-16T12:14:01 EDT" skipped="0">
  <testcase classname="testExamples.TN_Data_From_PropertiesFile" name="readDataFromPropertiesFile" time="10.946"/>
</testsuite> <!-- testExamples.TN_Data_From_PropertiesFile -->
