<?xml version="1.0" encoding="UTF-8"?>
<!-- Generated by org.testng.reporters.JUnitReportReporter -->
<testsuite hostname="Laptom" failures="0" tests="1" name="Day18_Wait_Selenium_Extra_Topics.Alerts_PopUps" time="2.940" errors="0" timestamp="2024-05-03T13:26:45 EDT" skipped="0">
  <testcase classname="Day18_Wait_Selenium_Extra_Topics.Alerts_PopUps" name="handlingAlertOrPopUps" time="2.940"/>
</testsuite> <!-- Day18_Wait_Selenium_Extra_Topics.Alerts_PopUps -->
