<?xml version="1.0" encoding="UTF-8"?>
<!-- Generated by org.testng.reporters.JUnitReportReporter -->
<testsuite hostname="TamannaPC" failures="0" tests="7" name="Day17_DataProvider_ExcelSheet.TestCase_Practice" time="128.099" errors="0" timestamp="2024-02-18T01:15:16 EST" skipped="0">
  <testcase classname="Day17_DataProvider_ExcelSheet.TestCase_Practice" name="loginTNTest" time="11.396"/>
  <testcase classname="Day17_DataProvider_ExcelSheet.TestCase_Practice" name="loginTNTest" time="10.963"/>
  <testcase classname="Day17_DataProvider_ExcelSheet.TestCase_Practice" name="loginTNTest" time="34.638"/>
  <testcase classname="Day17_DataProvider_ExcelSheet.TestCase_Practice" name="loginTNTest" time="37.502"/>
  <testcase classname="Day17_DataProvider_ExcelSheet.TestCase_Practice" name="loginTNTest" time="14.466"/>
  <testcase classname="Day17_DataProvider_ExcelSheet.TestCase_Practice" name="loginTNTest" time="9.556"/>
  <testcase classname="Day17_DataProvider_ExcelSheet.TestCase_Practice" name="loginTNTest" time="9.578"/>
</testsuite> <!-- Day17_DataProvider_ExcelSheet.TestCase_Practice -->
