<?xml version="1.0" encoding="UTF-8"?>
<!-- Generated by org.testng.reporters.JUnitReportReporter -->
<testsuite hostname="TamannaPC" failures="0" tests="5" name="Assertion_In_TestNG.Class_Assignment_Assertions_Register" time="37.585" errors="0" timestamp="2024-01-29T20:07:17 EST" skipped="0">
  <testcase classname="Assertion_In_TestNG.Class_Assignment_Assertions_Register" name="registerWithNoInputs" time="9.271"/>
  <testcase classname="Assertion_In_TestNG.Class_Assignment_Assertions_Register" name="registerWithMandatoryDetails" time="6.248"/>
  <testcase classname="Assertion_In_TestNG.Class_Assignment_Assertions_Register" name="registerWithAllDetails" time="7.868"/>
  <testcase classname="Assertion_In_TestNG.Class_Assignment_Assertions_Register" name="registerWithExistingEmail" time="7.956"/>
  <testcase classname="Assertion_In_TestNG.Class_Assignment_Assertions_Register" name="registerWithWrongConfirmPassword" time="6.242"/>
</testsuite> <!-- Assertion_In_TestNG.Class_Assignment_Assertions_Register -->
