<?xml version="1.0" encoding="UTF-8"?>
<!-- Generated by org.testng.reporters.JUnitReportReporter -->
<testsuite hostname="Laptom" failures="0" tests="10" name="testExamples.Utilities" time="80.883" errors="0" timestamp="2024-05-05T00:32:40 EDT" skipped="0">
  <testcase classname="testExamples.Utilities" name="loginTest" time="8.415"/>
  <testcase classname="testExamples.Utilities" name="loginTest" time="8.021"/>
  <testcase classname="testExamples.Utilities" name="loginTest" time="8.100"/>
  <testcase classname="testExamples.Utilities" name="loginTest" time="7.786"/>
  <testcase classname="testExamples.Utilities" name="loginTest" time="7.866"/>
  <testcase classname="testExamples.Utilities" name="loginTest" time="8.143"/>
  <testcase classname="testExamples.Utilities" name="loginTest" time="8.220"/>
  <testcase classname="testExamples.Utilities" name="loginTest" time="7.936"/>
  <testcase classname="testExamples.Utilities" name="loginTest" time="7.913"/>
  <testcase classname="testExamples.Utilities" name="loginTest" time="8.483"/>
</testsuite> <!-- testExamples.Utilities -->
