<?xml version="1.0" encoding="UTF-8"?>
<!-- Generated by org.testng.reporters.JUnitReportReporter -->
<testsuite hostname="Laptom" failures="0" tests="1" name="testExamples.DataProvider_TN_Register" time="7.959" errors="0" timestamp="2024-05-04T23:52:24 EDT" skipped="0">
  <testcase classname="testExamples.DataProvider_TN_Register" name="loginTest" time="7.959"/>
</testsuite> <!-- testExamples.DataProvider_TN_Register -->
