<?xml version="1.0" encoding="UTF-8"?>
<!-- Generated by org.testng.reporters.JUnitReportReporter -->
<testsuite hostname="TamannaPC" failures="0" tests="2" name="DataProvider.DataProvider_TutorialsNinjaRegister_Practice" time="14.328" errors="0" timestamp="2024-02-14T16:45:09 EST" skipped="0">
  <testcase classname="DataProvider.DataProvider_TutorialsNinjaRegister_Practice" name="registerTutorialsninja" time="7.045"/>
  <testcase classname="DataProvider.DataProvider_TutorialsNinjaRegister_Practice" name="registerTutorialsninja" time="7.283"/>
</testsuite> <!-- DataProvider.DataProvider_TutorialsNinjaRegister_Practice -->
