<?xml version="1.0" encoding="UTF-8"?>
<!-- Generated by org.testng.reporters.JUnitReportReporter -->
<testsuite hostname="Laptom" failures="0" tests="1" name="testExamples.Assertion_Task" time="5.414" errors="0" timestamp="2024-04-05T01:54:37 EDT" skipped="0">
  <testcase classname="testExamples.Assertion_Task" name="registerWithoutEnteringAnyFields" time="5.414"/>
</testsuite> <!-- testExamples.Assertion_Task -->
