<?xml version="1.0" encoding="UTF-8"?>
<!-- Generated by org.testng.reporters.JUnitReportReporter -->
<testsuite hostname="TamannaPC" failures="0" tests="2" name="Assertion_In_TestNG.TN_Login_Validations_Using_Assertions_practice" time="12.826" errors="0" timestamp="2024-01-29T18:39:17 EST" skipped="0">
  <testcase classname="Assertion_In_TestNG.TN_Login_Validations_Using_Assertions_practice" name="enterValidEmailVaidPassword" time="7.419"/>
  <testcase classname="Assertion_In_TestNG.TN_Login_Validations_Using_Assertions_practice" name="enterValidEmailInvaidPassword" time="5.407"/>
</testsuite> <!-- Assertion_In_TestNG.TN_Login_Validations_Using_Assertions_practice -->
